<?xml version="1.0" encoding="UTF-8"?>
<testsuite xmlns:xsi="http://www.w3.org/2001/XMLSchema-instance" xsi:noNamespaceSchemaLocation="https://maven.apache.org/surefire/maven-surefire-plugin/xsd/surefire-test-report.xsd" name="com.bestnotes.notes.domain.service.unit.NotesServiceImplTest" time="0.837" tests="8" errors="0" skipped="0" failures="0">
  <properties>
    <property name="java.specification.version" value="14"/>
    <property name="sun.jnu.encoding" value="UTF-8"/>
    <property name="java.class.path" value="/Users/karenarakelyan/IdeaProjects/disqo-task/notes-ms/target/test-classes:/Users/karenarakelyan/IdeaProjects/disqo-task/notes-ms/target/classes:/Users/karenarakelyan/.m2/repository/org/springframework/boot/spring-boot-starter-webflux/2.5.5/spring-boot-starter-webflux-2.5.5.jar:/Users/karenarakelyan/.m2/repository/org/springframework/boot/spring-boot-starter/2.5.5/spring-boot-starter-2.5.5.jar:/Users/karenarakelyan/.m2/repository/org/springframework/boot/spring-boot/2.5.5/spring-boot-2.5.5.jar:/Users/karenarakelyan/.m2/repository/org/springframework/boot/spring-boot-autoconfigure/2.5.5/spring-boot-autoconfigure-2.5.5.jar:/Users/karenarakelyan/.m2/repository/org/springframework/boot/spring-boot-starter-logging/2.5.5/spring-boot-starter-logging-2.5.5.jar:/Users/karenarakelyan/.m2/repository/ch/qos/logback/logback-classic/1.2.6/logback-classic-1.2.6.jar:/Users/karenarakelyan/.m2/repository/ch/qos/logback/logback-core/1.2.6/logback-core-1.2.6.jar:/Users/karenarakelyan/.m2/repository/org/apache/logging/log4j/log4j-to-slf4j/2.14.1/log4j-to-slf4j-2.14.1.jar:/Users/karenarakelyan/.m2/repository/org/apache/logging/log4j/log4j-api/2.14.1/log4j-api-2.14.1.jar:/Users/karenarakelyan/.m2/repository/org/slf4j/jul-to-slf4j/1.7.32/jul-to-slf4j-1.7.32.jar:/Users/karenarakelyan/.m2/repository/jakarta/annotation/jakarta.annotation-api/1.3.5/jakarta.annotation-api-1.3.5.jar:/Users/karenarakelyan/.m2/repository/org/yaml/snakeyaml/1.28/snakeyaml-1.28.jar:/Users/karenarakelyan/.m2/repository/org/springframework/boot/spring-boot-starter-json/2.5.5/spring-boot-starter-json-2.5.5.jar:/Users/karenarakelyan/.m2/repository/com/fasterxml/jackson/core/jackson-databind/2.12.5/jackson-databind-2.12.5.jar:/Users/karenarakelyan/.m2/repository/com/fasterxml/jackson/core/jackson-annotations/2.12.5/jackson-annotations-2.12.5.jar:/Users/karenarakelyan/.m2/repository/com/fasterxml/jackson/core/jackson-core/2.12.5/jackson-core-2.12.5.jar:/Users/karenarakelyan/.m2/repository/com/fasterxml/jackson/datatype/jackson-datatype-jdk8/2.12.5/jackson-datatype-jdk8-2.12.5.jar:/Users/karenarakelyan/.m2/repository/com/fasterxml/jackson/datatype/jackson-datatype-jsr310/2.12.5/jackson-datatype-jsr310-2.12.5.jar:/Users/karenarakelyan/.m2/repository/com/fasterxml/jackson/module/jackson-module-parameter-names/2.12.5/jackson-module-parameter-names-2.12.5.jar:/Users/karenarakelyan/.m2/repository/org/springframework/boot/spring-boot-starter-reactor-netty/2.5.5/spring-boot-starter-reactor-netty-2.5.5.jar:/Users/karenarakelyan/.m2/repository/io/projectreactor/netty/reactor-netty-http/1.0.11/reactor-netty-http-1.0.11.jar:/Users/karenarakelyan/.m2/repository/io/netty/netty-codec-http/4.1.68.Final/netty-codec-http-4.1.68.Final.jar:/Users/karenarakelyan/.m2/repository/io/netty/netty-common/4.1.68.Final/netty-common-4.1.68.Final.jar:/Users/karenarakelyan/.m2/repository/io/netty/netty-buffer/4.1.68.Final/netty-buffer-4.1.68.Final.jar:/Users/karenarakelyan/.m2/repository/io/netty/netty-transport/4.1.68.Final/netty-transport-4.1.68.Final.jar:/Users/karenarakelyan/.m2/repository/io/netty/netty-codec/4.1.68.Final/netty-codec-4.1.68.Final.jar:/Users/karenarakelyan/.m2/repository/io/netty/netty-handler/4.1.68.Final/netty-handler-4.1.68.Final.jar:/Users/karenarakelyan/.m2/repository/io/netty/netty-codec-http2/4.1.68.Final/netty-codec-http2-4.1.68.Final.jar:/Users/karenarakelyan/.m2/repository/io/netty/netty-resolver-dns/4.1.68.Final/netty-resolver-dns-4.1.68.Final.jar:/Users/karenarakelyan/.m2/repository/io/netty/netty-resolver/4.1.68.Final/netty-resolver-4.1.68.Final.jar:/Users/karenarakelyan/.m2/repository/io/netty/netty-codec-dns/4.1.68.Final/netty-codec-dns-4.1.68.Final.jar:/Users/karenarakelyan/.m2/repository/io/netty/netty-resolver-dns-native-macos/4.1.68.Final/netty-resolver-dns-native-macos-4.1.68.Final-osx-x86_64.jar:/Users/karenarakelyan/.m2/repository/io/netty/netty-transport-native-unix-common/4.1.68.Final/netty-transport-native-unix-common-4.1.68.Final.jar:/Users/karenarakelyan/.m2/repository/io/netty/netty-transport-native-epoll/4.1.68.Final/netty-transport-native-epoll-4.1.68.Final-linux-x86_64.jar:/Users/karenarakelyan/.m2/repository/io/projectreactor/netty/reactor-netty-core/1.0.11/reactor-netty-core-1.0.11.jar:/Users/karenarakelyan/.m2/repository/io/netty/netty-handler-proxy/4.1.68.Final/netty-handler-proxy-4.1.68.Final.jar:/Users/karenarakelyan/.m2/repository/io/netty/netty-codec-socks/4.1.68.Final/netty-codec-socks-4.1.68.Final.jar:/Users/karenarakelyan/.m2/repository/org/springframework/spring-web/5.3.10/spring-web-5.3.10.jar:/Users/karenarakelyan/.m2/repository/org/springframework/spring-beans/5.3.10/spring-beans-5.3.10.jar:/Users/karenarakelyan/.m2/repository/org/springframework/spring-webflux/5.3.10/spring-webflux-5.3.10.jar:/Users/karenarakelyan/.m2/repository/org/springframework/boot/spring-boot-starter-data-jpa/2.5.5/spring-boot-starter-data-jpa-2.5.5.jar:/Users/karenarakelyan/.m2/repository/org/springframework/boot/spring-boot-starter-aop/2.5.5/spring-boot-starter-aop-2.5.5.jar:/Users/karenarakelyan/.m2/repository/org/springframework/spring-aop/5.3.10/spring-aop-5.3.10.jar:/Users/karenarakelyan/.m2/repository/org/aspectj/aspectjweaver/1.9.7/aspectjweaver-1.9.7.jar:/Users/karenarakelyan/.m2/repository/org/springframework/boot/spring-boot-starter-jdbc/2.5.5/spring-boot-starter-jdbc-2.5.5.jar:/Users/karenarakelyan/.m2/repository/com/zaxxer/HikariCP/4.0.3/HikariCP-4.0.3.jar:/Users/karenarakelyan/.m2/repository/org/springframework/spring-jdbc/5.3.10/spring-jdbc-5.3.10.jar:/Users/karenarakelyan/.m2/repository/jakarta/transaction/jakarta.transaction-api/1.3.3/jakarta.transaction-api-1.3.3.jar:/Users/karenarakelyan/.m2/repository/jakarta/persistence/jakarta.persistence-api/2.2.3/jakarta.persistence-api-2.2.3.jar:/Users/karenarakelyan/.m2/repository/org/hibernate/hibernate-core/5.4.32.Final/hibernate-core-5.4.32.Final.jar:/Users/karenarakelyan/.m2/repository/org/jboss/logging/jboss-logging/3.4.2.Final/jboss-logging-3.4.2.Final.jar:/Users/karenarakelyan/.m2/repository/org/javassist/javassist/3.27.0-GA/javassist-3.27.0-GA.jar:/Users/karenarakelyan/.m2/repository/net/bytebuddy/byte-buddy/1.10.22/byte-buddy-1.10.22.jar:/Users/karenarakelyan/.m2/repository/antlr/antlr/2.7.7/antlr-2.7.7.jar:/Users/karenarakelyan/.m2/repository/org/jboss/jandex/2.2.3.Final/jandex-2.2.3.Final.jar:/Users/karenarakelyan/.m2/repository/com/fasterxml/classmate/1.5.1/classmate-1.5.1.jar:/Users/karenarakelyan/.m2/repository/org/dom4j/dom4j/2.1.3/dom4j-2.1.3.jar:/Users/karenarakelyan/.m2/repository/org/hibernate/common/hibernate-commons-annotations/5.1.2.Final/hibernate-commons-annotations-5.1.2.Final.jar:/Users/karenarakelyan/.m2/repository/org/glassfish/jaxb/jaxb-runtime/2.3.5/jaxb-runtime-2.3.5.jar:/Users/karenarakelyan/.m2/repository/org/glassfish/jaxb/txw2/2.3.5/txw2-2.3.5.jar:/Users/karenarakelyan/.m2/repository/com/sun/istack/istack-commons-runtime/3.0.12/istack-commons-runtime-3.0.12.jar:/Users/karenarakelyan/.m2/repository/com/sun/activation/jakarta.activation/1.2.2/jakarta.activation-1.2.2.jar:/Users/karenarakelyan/.m2/repository/org/springframework/data/spring-data-jpa/2.5.5/spring-data-jpa-2.5.5.jar:/Users/karenarakelyan/.m2/repository/org/springframework/data/spring-data-commons/2.5.5/spring-data-commons-2.5.5.jar:/Users/karenarakelyan/.m2/repository/org/springframework/spring-orm/5.3.10/spring-orm-5.3.10.jar:/Users/karenarakelyan/.m2/repository/org/springframework/spring-context/5.3.10/spring-context-5.3.10.jar:/Users/karenarakelyan/.m2/repository/org/springframework/spring-expression/5.3.10/spring-expression-5.3.10.jar:/Users/karenarakelyan/.m2/repository/org/springframework/spring-tx/5.3.10/spring-tx-5.3.10.jar:/Users/karenarakelyan/.m2/repository/org/slf4j/slf4j-api/1.7.32/slf4j-api-1.7.32.jar:/Users/karenarakelyan/.m2/repository/org/springframework/spring-aspects/5.3.10/spring-aspects-5.3.10.jar:/Users/karenarakelyan/.m2/repository/org/postgresql/postgresql/42.2.24/postgresql-42.2.24.jar:/Users/karenarakelyan/.m2/repository/org/checkerframework/checker-qual/3.5.0/checker-qual-3.5.0.jar:/Users/karenarakelyan/.m2/repository/org/flywaydb/flyway-core/7.15.0/flyway-core-7.15.0.jar:/Users/karenarakelyan/.m2/repository/org/apache/commons/commons-lang3/3.12.0/commons-lang3-3.12.0.jar:/Users/karenarakelyan/.m2/repository/org/springframework/boot/spring-boot-starter-test/2.5.5/spring-boot-starter-test-2.5.5.jar:/Users/karenarakelyan/.m2/repository/org/springframework/boot/spring-boot-test/2.5.5/spring-boot-test-2.5.5.jar:/Users/karenarakelyan/.m2/repository/org/springframework/boot/spring-boot-test-autoconfigure/2.5.5/spring-boot-test-autoconfigure-2.5.5.jar:/Users/karenarakelyan/.m2/repository/com/jayway/jsonpath/json-path/2.5.0/json-path-2.5.0.jar:/Users/karenarakelyan/.m2/repository/net/minidev/json-smart/2.4.7/json-smart-2.4.7.jar:/Users/karenarakelyan/.m2/repository/net/minidev/accessors-smart/2.4.7/accessors-smart-2.4.7.jar:/Users/karenarakelyan/.m2/repository/org/ow2/asm/asm/9.1/asm-9.1.jar:/Users/karenarakelyan/.m2/repository/jakarta/xml/bind/jakarta.xml.bind-api/2.3.3/jakarta.xml.bind-api-2.3.3.jar:/Users/karenarakelyan/.m2/repository/jakarta/activation/jakarta.activation-api/1.2.2/jakarta.activation-api-1.2.2.jar:/Users/karenarakelyan/.m2/repository/org/assertj/assertj-core/3.19.0/assertj-core-3.19.0.jar:/Users/karenarakelyan/.m2/repository/org/hamcrest/hamcrest/2.2/hamcrest-2.2.jar:/Users/karenarakelyan/.m2/repository/org/junit/jupiter/junit-jupiter/5.7.2/junit-jupiter-5.7.2.jar:/Users/karenarakelyan/.m2/repository/org/junit/jupiter/junit-jupiter-api/5.7.2/junit-jupiter-api-5.7.2.jar:/Users/karenarakelyan/.m2/repository/org/apiguardian/apiguardian-api/1.1.0/apiguardian-api-1.1.0.jar:/Users/karenarakelyan/.m2/repository/org/opentest4j/opentest4j/1.2.0/opentest4j-1.2.0.jar:/Users/karenarakelyan/.m2/repository/org/junit/platform/junit-platform-commons/1.7.2/junit-platform-commons-1.7.2.jar:/Users/karenarakelyan/.m2/repository/org/junit/jupiter/junit-jupiter-params/5.7.2/junit-jupiter-params-5.7.2.jar:/Users/karenarakelyan/.m2/repository/org/junit/jupiter/junit-jupiter-engine/5.7.2/junit-jupiter-engine-5.7.2.jar:/Users/karenarakelyan/.m2/repository/org/junit/platform/junit-platform-engine/1.7.2/junit-platform-engine-1.7.2.jar:/Users/karenarakelyan/.m2/repository/org/mockito/mockito-core/3.9.0/mockito-core-3.9.0.jar:/Users/karenarakelyan/.m2/repository/net/bytebuddy/byte-buddy-agent/1.10.22/byte-buddy-agent-1.10.22.jar:/Users/karenarakelyan/.m2/repository/org/objenesis/objenesis/3.2/objenesis-3.2.jar:/Users/karenarakelyan/.m2/repository/org/mockito/mockito-junit-jupiter/3.9.0/mockito-junit-jupiter-3.9.0.jar:/Users/karenarakelyan/.m2/repository/org/skyscreamer/jsonassert/1.5.0/jsonassert-1.5.0.jar:/Users/karenarakelyan/.m2/repository/com/vaadin/external/google/android-json/0.0.20131108.vaadin1/android-json-0.0.20131108.vaadin1.jar:/Users/karenarakelyan/.m2/repository/org/springframework/spring-core/5.3.10/spring-core-5.3.10.jar:/Users/karenarakelyan/.m2/repository/org/springframework/spring-jcl/5.3.10/spring-jcl-5.3.10.jar:/Users/karenarakelyan/.m2/repository/org/springframework/spring-test/5.3.10/spring-test-5.3.10.jar:/Users/karenarakelyan/.m2/repository/org/xmlunit/xmlunit-core/2.8.2/xmlunit-core-2.8.2.jar:/Users/karenarakelyan/.m2/repository/io/projectreactor/reactor-test/3.2.3.RELEASE/reactor-test-3.2.3.RELEASE.jar:/Users/karenarakelyan/.m2/repository/io/projectreactor/reactor-core/3.4.10/reactor-core-3.4.10.jar:/Users/karenarakelyan/.m2/repository/org/reactivestreams/reactive-streams/1.0.3/reactive-streams-1.0.3.jar:/Users/karenarakelyan/.m2/repository/org/testcontainers/postgresql/1.16.0/postgresql-1.16.0.jar:/Users/karenarakelyan/.m2/repository/org/testcontainers/jdbc/1.16.0/jdbc-1.16.0.jar:/Users/karenarakelyan/.m2/repository/org/testcontainers/database-commons/1.16.0/database-commons-1.16.0.jar:/Users/karenarakelyan/.m2/repository/org/testcontainers/testcontainers/1.16.0/testcontainers-1.16.0.jar:/Users/karenarakelyan/.m2/repository/junit/junit/4.13.2/junit-4.13.2.jar:/Users/karenarakelyan/.m2/repository/org/hamcrest/hamcrest-core/2.2/hamcrest-core-2.2.jar:/Users/karenarakelyan/.m2/repository/org/apache/commons/commons-compress/1.20/commons-compress-1.20.jar:/Users/karenarakelyan/.m2/repository/org/rnorth/duct-tape/duct-tape/1.0.8/duct-tape-1.0.8.jar:/Users/karenarakelyan/.m2/repository/com/github/docker-java/docker-java-api/3.2.11/docker-java-api-3.2.11.jar:/Users/karenarakelyan/.m2/repository/com/github/docker-java/docker-java-transport-zerodep/3.2.11/docker-java-transport-zerodep-3.2.11.jar:/Users/karenarakelyan/.m2/repository/com/github/docker-java/docker-java-transport/3.2.11/docker-java-transport-3.2.11.jar:/Users/karenarakelyan/.m2/repository/net/java/dev/jna/jna/5.8.0/jna-5.8.0.jar:"/>
    <property name="java.vm.vendor" value="Oracle Corporation"/>
    <property name="sun.arch.data.model" value="64"/>
    <property name="java.vendor.url" value="https://java.oracle.com/"/>
    <property name="os.name" value="Mac OS X"/>
    <property name="java.vm.specification.version" value="14"/>
    <property name="sun.java.launcher" value="SUN_STANDARD"/>
    <property name="user.country" value="AM"/>
    <property name="sun.boot.library.path" value="/Library/Java/JavaVirtualMachines/jdk-14.0.1.jdk/Contents/Home/lib"/>
    <property name="sun.java.command" value="/Users/karenarakelyan/IdeaProjects/disqo-task/notes-ms/target/surefire/surefirebooter8105736321148060954.jar /Users/karenarakelyan/IdeaProjects/disqo-task/notes-ms/target/surefire 2021-10-07T23-56-02_420-jvmRun1 surefire2870348525645985821tmp surefire_013702562662501209748tmp"/>
    <property name="http.nonProxyHosts" value="local|*.local|169.254/16|*.169.254/16"/>
    <property name="jdk.debug" value="release"/>
    <property name="surefire.test.class.path" value="/Users/karenarakelyan/IdeaProjects/disqo-task/notes-ms/target/test-classes:/Users/karenarakelyan/IdeaProjects/disqo-task/notes-ms/target/classes:/Users/karenarakelyan/.m2/repository/org/springframework/boot/spring-boot-starter-webflux/2.5.5/spring-boot-starter-webflux-2.5.5.jar:/Users/karenarakelyan/.m2/repository/org/springframework/boot/spring-boot-starter/2.5.5/spring-boot-starter-2.5.5.jar:/Users/karenarakelyan/.m2/repository/org/springframework/boot/spring-boot/2.5.5/spring-boot-2.5.5.jar:/Users/karenarakelyan/.m2/repository/org/springframework/boot/spring-boot-autoconfigure/2.5.5/spring-boot-autoconfigure-2.5.5.jar:/Users/karenarakelyan/.m2/repository/org/springframework/boot/spring-boot-starter-logging/2.5.5/spring-boot-starter-logging-2.5.5.jar:/Users/karenarakelyan/.m2/repository/ch/qos/logback/logback-classic/1.2.6/logback-classic-1.2.6.jar:/Users/karenarakelyan/.m2/repository/ch/qos/logback/logback-core/1.2.6/logback-core-1.2.6.jar:/Users/karenarakelyan/.m2/repository/org/apache/logging/log4j/log4j-to-slf4j/2.14.1/log4j-to-slf4j-2.14.1.jar:/Users/karenarakelyan/.m2/repository/org/apache/logging/log4j/log4j-api/2.14.1/log4j-api-2.14.1.jar:/Users/karenarakelyan/.m2/repository/org/slf4j/jul-to-slf4j/1.7.32/jul-to-slf4j-1.7.32.jar:/Users/karenarakelyan/.m2/repository/jakarta/annotation/jakarta.annotation-api/1.3.5/jakarta.annotation-api-1.3.5.jar:/Users/karenarakelyan/.m2/repository/org/yaml/snakeyaml/1.28/snakeyaml-1.28.jar:/Users/karenarakelyan/.m2/repository/org/springframework/boot/spring-boot-starter-json/2.5.5/spring-boot-starter-json-2.5.5.jar:/Users/karenarakelyan/.m2/repository/com/fasterxml/jackson/core/jackson-databind/2.12.5/jackson-databind-2.12.5.jar:/Users/karenarakelyan/.m2/repository/com/fasterxml/jackson/core/jackson-annotations/2.12.5/jackson-annotations-2.12.5.jar:/Users/karenarakelyan/.m2/repository/com/fasterxml/jackson/core/jackson-core/2.12.5/jackson-core-2.12.5.jar:/Users/karenarakelyan/.m2/repository/com/fasterxml/jackson/datatype/jackson-datatype-jdk8/2.12.5/jackson-datatype-jdk8-2.12.5.jar:/Users/karenarakelyan/.m2/repository/com/fasterxml/jackson/datatype/jackson-datatype-jsr310/2.12.5/jackson-datatype-jsr310-2.12.5.jar:/Users/karenarakelyan/.m2/repository/com/fasterxml/jackson/module/jackson-module-parameter-names/2.12.5/jackson-module-parameter-names-2.12.5.jar:/Users/karenarakelyan/.m2/repository/org/springframework/boot/spring-boot-starter-reactor-netty/2.5.5/spring-boot-starter-reactor-netty-2.5.5.jar:/Users/karenarakelyan/.m2/repository/io/projectreactor/netty/reactor-netty-http/1.0.11/reactor-netty-http-1.0.11.jar:/Users/karenarakelyan/.m2/repository/io/netty/netty-codec-http/4.1.68.Final/netty-codec-http-4.1.68.Final.jar:/Users/karenarakelyan/.m2/repository/io/netty/netty-common/4.1.68.Final/netty-common-4.1.68.Final.jar:/Users/karenarakelyan/.m2/repository/io/netty/netty-buffer/4.1.68.Final/netty-buffer-4.1.68.Final.jar:/Users/karenarakelyan/.m2/repository/io/netty/netty-transport/4.1.68.Final/netty-transport-4.1.68.Final.jar:/Users/karenarakelyan/.m2/repository/io/netty/netty-codec/4.1.68.Final/netty-codec-4.1.68.Final.jar:/Users/karenarakelyan/.m2/repository/io/netty/netty-handler/4.1.68.Final/netty-handler-4.1.68.Final.jar:/Users/karenarakelyan/.m2/repository/io/netty/netty-codec-http2/4.1.68.Final/netty-codec-http2-4.1.68.Final.jar:/Users/karenarakelyan/.m2/repository/io/netty/netty-resolver-dns/4.1.68.Final/netty-resolver-dns-4.1.68.Final.jar:/Users/karenarakelyan/.m2/repository/io/netty/netty-resolver/4.1.68.Final/netty-resolver-4.1.68.Final.jar:/Users/karenarakelyan/.m2/repository/io/netty/netty-codec-dns/4.1.68.Final/netty-codec-dns-4.1.68.Final.jar:/Users/karenarakelyan/.m2/repository/io/netty/netty-resolver-dns-native-macos/4.1.68.Final/netty-resolver-dns-native-macos-4.1.68.Final-osx-x86_64.jar:/Users/karenarakelyan/.m2/repository/io/netty/netty-transport-native-unix-common/4.1.68.Final/netty-transport-native-unix-common-4.1.68.Final.jar:/Users/karenarakelyan/.m2/repository/io/netty/netty-transport-native-epoll/4.1.68.Final/netty-transport-native-epoll-4.1.68.Final-linux-x86_64.jar:/Users/karenarakelyan/.m2/repository/io/projectreactor/netty/reactor-netty-core/1.0.11/reactor-netty-core-1.0.11.jar:/Users/karenarakelyan/.m2/repository/io/netty/netty-handler-proxy/4.1.68.Final/netty-handler-proxy-4.1.68.Final.jar:/Users/karenarakelyan/.m2/repository/io/netty/netty-codec-socks/4.1.68.Final/netty-codec-socks-4.1.68.Final.jar:/Users/karenarakelyan/.m2/repository/org/springframework/spring-web/5.3.10/spring-web-5.3.10.jar:/Users/karenarakelyan/.m2/repository/org/springframework/spring-beans/5.3.10/spring-beans-5.3.10.jar:/Users/karenarakelyan/.m2/repository/org/springframework/spring-webflux/5.3.10/spring-webflux-5.3.10.jar:/Users/karenarakelyan/.m2/repository/org/springframework/boot/spring-boot-starter-data-jpa/2.5.5/spring-boot-starter-data-jpa-2.5.5.jar:/Users/karenarakelyan/.m2/repository/org/springframework/boot/spring-boot-starter-aop/2.5.5/spring-boot-starter-aop-2.5.5.jar:/Users/karenarakelyan/.m2/repository/org/springframework/spring-aop/5.3.10/spring-aop-5.3.10.jar:/Users/karenarakelyan/.m2/repository/org/aspectj/aspectjweaver/1.9.7/aspectjweaver-1.9.7.jar:/Users/karenarakelyan/.m2/repository/org/springframework/boot/spring-boot-starter-jdbc/2.5.5/spring-boot-starter-jdbc-2.5.5.jar:/Users/karenarakelyan/.m2/repository/com/zaxxer/HikariCP/4.0.3/HikariCP-4.0.3.jar:/Users/karenarakelyan/.m2/repository/org/springframework/spring-jdbc/5.3.10/spring-jdbc-5.3.10.jar:/Users/karenarakelyan/.m2/repository/jakarta/transaction/jakarta.transaction-api/1.3.3/jakarta.transaction-api-1.3.3.jar:/Users/karenarakelyan/.m2/repository/jakarta/persistence/jakarta.persistence-api/2.2.3/jakarta.persistence-api-2.2.3.jar:/Users/karenarakelyan/.m2/repository/org/hibernate/hibernate-core/5.4.32.Final/hibernate-core-5.4.32.Final.jar:/Users/karenarakelyan/.m2/repository/org/jboss/logging/jboss-logging/3.4.2.Final/jboss-logging-3.4.2.Final.jar:/Users/karenarakelyan/.m2/repository/org/javassist/javassist/3.27.0-GA/javassist-3.27.0-GA.jar:/Users/karenarakelyan/.m2/repository/net/bytebuddy/byte-buddy/1.10.22/byte-buddy-1.10.22.jar:/Users/karenarakelyan/.m2/repository/antlr/antlr/2.7.7/antlr-2.7.7.jar:/Users/karenarakelyan/.m2/repository/org/jboss/jandex/2.2.3.Final/jandex-2.2.3.Final.jar:/Users/karenarakelyan/.m2/repository/com/fasterxml/classmate/1.5.1/classmate-1.5.1.jar:/Users/karenarakelyan/.m2/repository/org/dom4j/dom4j/2.1.3/dom4j-2.1.3.jar:/Users/karenarakelyan/.m2/repository/org/hibernate/common/hibernate-commons-annotations/5.1.2.Final/hibernate-commons-annotations-5.1.2.Final.jar:/Users/karenarakelyan/.m2/repository/org/glassfish/jaxb/jaxb-runtime/2.3.5/jaxb-runtime-2.3.5.jar:/Users/karenarakelyan/.m2/repository/org/glassfish/jaxb/txw2/2.3.5/txw2-2.3.5.jar:/Users/karenarakelyan/.m2/repository/com/sun/istack/istack-commons-runtime/3.0.12/istack-commons-runtime-3.0.12.jar:/Users/karenarakelyan/.m2/repository/com/sun/activation/jakarta.activation/1.2.2/jakarta.activation-1.2.2.jar:/Users/karenarakelyan/.m2/repository/org/springframework/data/spring-data-jpa/2.5.5/spring-data-jpa-2.5.5.jar:/Users/karenarakelyan/.m2/repository/org/springframework/data/spring-data-commons/2.5.5/spring-data-commons-2.5.5.jar:/Users/karenarakelyan/.m2/repository/org/springframework/spring-orm/5.3.10/spring-orm-5.3.10.jar:/Users/karenarakelyan/.m2/repository/org/springframework/spring-context/5.3.10/spring-context-5.3.10.jar:/Users/karenarakelyan/.m2/repository/org/springframework/spring-expression/5.3.10/spring-expression-5.3.10.jar:/Users/karenarakelyan/.m2/repository/org/springframework/spring-tx/5.3.10/spring-tx-5.3.10.jar:/Users/karenarakelyan/.m2/repository/org/slf4j/slf4j-api/1.7.32/slf4j-api-1.7.32.jar:/Users/karenarakelyan/.m2/repository/org/springframework/spring-aspects/5.3.10/spring-aspects-5.3.10.jar:/Users/karenarakelyan/.m2/repository/org/postgresql/postgresql/42.2.24/postgresql-42.2.24.jar:/Users/karenarakelyan/.m2/repository/org/checkerframework/checker-qual/3.5.0/checker-qual-3.5.0.jar:/Users/karenarakelyan/.m2/repository/org/flywaydb/flyway-core/7.15.0/flyway-core-7.15.0.jar:/Users/karenarakelyan/.m2/repository/org/apache/commons/commons-lang3/3.12.0/commons-lang3-3.12.0.jar:/Users/karenarakelyan/.m2/repository/org/springframework/boot/spring-boot-starter-test/2.5.5/spring-boot-starter-test-2.5.5.jar:/Users/karenarakelyan/.m2/repository/org/springframework/boot/spring-boot-test/2.5.5/spring-boot-test-2.5.5.jar:/Users/karenarakelyan/.m2/repository/org/springframework/boot/spring-boot-test-autoconfigure/2.5.5/spring-boot-test-autoconfigure-2.5.5.jar:/Users/karenarakelyan/.m2/repository/com/jayway/jsonpath/json-path/2.5.0/json-path-2.5.0.jar:/Users/karenarakelyan/.m2/repository/net/minidev/json-smart/2.4.7/json-smart-2.4.7.jar:/Users/karenarakelyan/.m2/repository/net/minidev/accessors-smart/2.4.7/accessors-smart-2.4.7.jar:/Users/karenarakelyan/.m2/repository/org/ow2/asm/asm/9.1/asm-9.1.jar:/Users/karenarakelyan/.m2/repository/jakarta/xml/bind/jakarta.xml.bind-api/2.3.3/jakarta.xml.bind-api-2.3.3.jar:/Users/karenarakelyan/.m2/repository/jakarta/activation/jakarta.activation-api/1.2.2/jakarta.activation-api-1.2.2.jar:/Users/karenarakelyan/.m2/repository/org/assertj/assertj-core/3.19.0/assertj-core-3.19.0.jar:/Users/karenarakelyan/.m2/repository/org/hamcrest/hamcrest/2.2/hamcrest-2.2.jar:/Users/karenarakelyan/.m2/repository/org/junit/jupiter/junit-jupiter/5.7.2/junit-jupiter-5.7.2.jar:/Users/karenarakelyan/.m2/repository/org/junit/jupiter/junit-jupiter-api/5.7.2/junit-jupiter-api-5.7.2.jar:/Users/karenarakelyan/.m2/repository/org/apiguardian/apiguardian-api/1.1.0/apiguardian-api-1.1.0.jar:/Users/karenarakelyan/.m2/repository/org/opentest4j/opentest4j/1.2.0/opentest4j-1.2.0.jar:/Users/karenarakelyan/.m2/repository/org/junit/platform/junit-platform-commons/1.7.2/junit-platform-commons-1.7.2.jar:/Users/karenarakelyan/.m2/repository/org/junit/jupiter/junit-jupiter-params/5.7.2/junit-jupiter-params-5.7.2.jar:/Users/karenarakelyan/.m2/repository/org/junit/jupiter/junit-jupiter-engine/5.7.2/junit-jupiter-engine-5.7.2.jar:/Users/karenarakelyan/.m2/repository/org/junit/platform/junit-platform-engine/1.7.2/junit-platform-engine-1.7.2.jar:/Users/karenarakelyan/.m2/repository/org/mockito/mockito-core/3.9.0/mockito-core-3.9.0.jar:/Users/karenarakelyan/.m2/repository/net/bytebuddy/byte-buddy-agent/1.10.22/byte-buddy-agent-1.10.22.jar:/Users/karenarakelyan/.m2/repository/org/objenesis/objenesis/3.2/objenesis-3.2.jar:/Users/karenarakelyan/.m2/repository/org/mockito/mockito-junit-jupiter/3.9.0/mockito-junit-jupiter-3.9.0.jar:/Users/karenarakelyan/.m2/repository/org/skyscreamer/jsonassert/1.5.0/jsonassert-1.5.0.jar:/Users/karenarakelyan/.m2/repository/com/vaadin/external/google/android-json/0.0.20131108.vaadin1/android-json-0.0.20131108.vaadin1.jar:/Users/karenarakelyan/.m2/repository/org/springframework/spring-core/5.3.10/spring-core-5.3.10.jar:/Users/karenarakelyan/.m2/repository/org/springframework/spring-jcl/5.3.10/spring-jcl-5.3.10.jar:/Users/karenarakelyan/.m2/repository/org/springframework/spring-test/5.3.10/spring-test-5.3.10.jar:/Users/karenarakelyan/.m2/repository/org/xmlunit/xmlunit-core/2.8.2/xmlunit-core-2.8.2.jar:/Users/karenarakelyan/.m2/repository/io/projectreactor/reactor-test/3.2.3.RELEASE/reactor-test-3.2.3.RELEASE.jar:/Users/karenarakelyan/.m2/repository/io/projectreactor/reactor-core/3.4.10/reactor-core-3.4.10.jar:/Users/karenarakelyan/.m2/repository/org/reactivestreams/reactive-streams/1.0.3/reactive-streams-1.0.3.jar:/Users/karenarakelyan/.m2/repository/org/testcontainers/postgresql/1.16.0/postgresql-1.16.0.jar:/Users/karenarakelyan/.m2/repository/org/testcontainers/jdbc/1.16.0/jdbc-1.16.0.jar:/Users/karenarakelyan/.m2/repository/org/testcontainers/database-commons/1.16.0/database-commons-1.16.0.jar:/Users/karenarakelyan/.m2/repository/org/testcontainers/testcontainers/1.16.0/testcontainers-1.16.0.jar:/Users/karenarakelyan/.m2/repository/junit/junit/4.13.2/junit-4.13.2.jar:/Users/karenarakelyan/.m2/repository/org/hamcrest/hamcrest-core/2.2/hamcrest-core-2.2.jar:/Users/karenarakelyan/.m2/repository/org/apache/commons/commons-compress/1.20/commons-compress-1.20.jar:/Users/karenarakelyan/.m2/repository/org/rnorth/duct-tape/duct-tape/1.0.8/duct-tape-1.0.8.jar:/Users/karenarakelyan/.m2/repository/com/github/docker-java/docker-java-api/3.2.11/docker-java-api-3.2.11.jar:/Users/karenarakelyan/.m2/repository/com/github/docker-java/docker-java-transport-zerodep/3.2.11/docker-java-transport-zerodep-3.2.11.jar:/Users/karenarakelyan/.m2/repository/com/github/docker-java/docker-java-transport/3.2.11/docker-java-transport-3.2.11.jar:/Users/karenarakelyan/.m2/repository/net/java/dev/jna/jna/5.8.0/jna-5.8.0.jar:"/>
    <property name="sun.cpu.endian" value="little"/>
    <property name="user.home" value="/Users/karenarakelyan"/>
    <property name="user.language" value="en"/>
    <property name="java.specification.vendor" value="Oracle Corporation"/>
    <property name="java.version.date" value="2020-04-14"/>
    <property name="java.home" value="/Library/Java/JavaVirtualMachines/jdk-14.0.1.jdk/Contents/Home"/>
    <property name="file.separator" value="/"/>
    <property name="basedir" value="/Users/karenarakelyan/IdeaProjects/disqo-task/notes-ms"/>
    <property name="java.vm.compressedOopsMode" value="Zero based"/>
    <property name="line.separator" value="&#10;"/>
    <property name="java.specification.name" value="Java Platform API Specification"/>
    <property name="java.vm.specification.vendor" value="Oracle Corporation"/>
    <property name="surefire.real.class.path" value="/Users/karenarakelyan/IdeaProjects/disqo-task/notes-ms/target/surefire/surefirebooter8105736321148060954.jar"/>
    <property name="sun.management.compiler" value="HotSpot 64-Bit Tiered Compilers"/>
    <property name="ftp.nonProxyHosts" value="local|*.local|169.254/16|*.169.254/16"/>
    <property name="java.runtime.version" value="14.0.1+7"/>
    <property name="user.name" value="karenarakelyan"/>
    <property name="path.separator" value=":"/>
    <property name="os.version" value="10.16"/>
    <property name="java.runtime.name" value="Java(TM) SE Runtime Environment"/>
    <property name="file.encoding" value="UTF-8"/>
    <property name="java.vm.name" value="Java HotSpot(TM) 64-Bit Server VM"/>
    <property name="localRepository" value="/Users/karenarakelyan/.m2/repository"/>
    <property name="java.vendor.url.bug" value="https://bugreport.java.com/bugreport/"/>
    <property name="java.io.tmpdir" value="/var/folders/ss/rdyd4ctn1nlb40p19_jh3_y40000gn/T/"/>
    <property name="idea.version" value="2020.3.2"/>
    <property name="java.version" value="14.0.1"/>
    <property name="user.dir" value="/Users/karenarakelyan/IdeaProjects/disqo-task/notes-ms"/>
    <property name="os.arch" value="x86_64"/>
    <property name="java.vm.specification.name" value="Java Virtual Machine Specification"/>
    <property name="java.library.path" value="/Users/karenarakelyan/Library/Java/Extensions:/Library/Java/Extensions:/Network/Library/Java/Extensions:/System/Library/Java/Extensions:/usr/lib/java:."/>
    <property name="java.vm.info" value="mixed mode, sharing"/>
    <property name="java.vendor" value="Oracle Corporation"/>
    <property name="java.vm.version" value="14.0.1+7"/>
    <property name="sun.io.unicode.encoding" value="UnicodeBig"/>
    <property name="socksNonProxyHosts" value="local|*.local|169.254/16|*.169.254/16"/>
    <property name="java.class.version" value="58.0"/>
  </properties>
  <testcase name="testDeleteWithIllegalArgs" classname="com.bestnotes.notes.domain.service.unit.NotesServiceImplTest" time="0.726"/>
  <testcase name="testCreateWithIllegalArguments" classname="com.bestnotes.notes.domain.service.unit.NotesServiceImplTest" time="0.001"/>
  <testcase name="testGet" classname="com.bestnotes.notes.domain.service.unit.NotesServiceImplTest" time="0.085"/>
  <testcase name="testGetWithIllegalArguments" classname="com.bestnotes.notes.domain.service.unit.NotesServiceImplTest" time="0.001"/>
  <testcase name="testUpdateWithIllegalArguments" classname="com.bestnotes.notes.domain.service.unit.NotesServiceImplTest" time="0.001"/>
  <testcase name="testCreate" classname="com.bestnotes.notes.domain.service.unit.NotesServiceImplTest" time="0.004"/>
  <testcase name="testDelete" classname="com.bestnotes.notes.domain.service.unit.NotesServiceImplTest" time="0.002"/>
  <testcase name="testUpdate" classname="com.bestnotes.notes.domain.service.unit.NotesServiceImplTest" time="0.006"/>
</testsuite>